g:\morte\assignment\debug\shaders.cso
g:\morte\assignment\assignment\debug\vc120.pdb
g:\morte\assignment\assignment\debug\cube.obj
g:\morte\assignment\assignment\debug\gameobject.obj
g:\morte\assignment\assignment\debug\main.obj
g:\morte\assignment\assignment\debug\particle.obj
g:\morte\assignment\assignment\debug\plane.obj
g:\morte\assignment\assignment\debug\mesh.obj
g:\morte\assignment\assignment\debug\path.obj
g:\morte\assignment\assignment\debug\planes.obj
g:\morte\assignment\assignment\debug\vbo.obj
g:\morte\assignment\assignment\debug\window.obj
g:\morte\assignment\assignment\debug\renderer.obj
g:\morte\assignment\assignment\debug\vc120.idb
g:\morte\assignment\debug\assignment.pdb
g:\morte\assignment\assignment\debug\assignment.tlog\assignment.write.1u.tlog
g:\morte\assignment\assignment\debug\assignment.tlog\cl.read.1.tlog
g:\morte\assignment\assignment\debug\assignment.tlog\cl.write.1.tlog
g:\morte\assignment\assignment\debug\assignment.tlog\cl.command.1.tlog
g:\morte\assignment\assignment\debug\assignment.tlog\link.command.1.tlog
g:\morte\assignment\assignment\debug\assignment.tlog\link-rc.read.1.tlog
g:\morte\assignment\assignment\debug\assignment.tlog\link-rc.write.1.tlog
g:\morte\assignment\assignment\debug\assignment.tlog\link-cvtres.read.1.tlog
g:\morte\assignment\assignment\debug\assignment.tlog\link.read.1.tlog
g:\morte\assignment\assignment\debug\assignment.tlog\link.write.1.tlog
g:\morte\assignment\assignment\debug\assignment.tlog\link-cvtres.write.1.tlog
